<?xml version="1.0" encoding="UTF-8"?>
<testsuites>
  <testsuite name="Evangelist Status Test Suite" tests="10" assertions="5" failures="0" errors="5" time="0.002869">
    <testsuite name="Laztopaz\OpenSourceEvangelistStatus\Test\EvangelistStatusExceptionTest" file="/Users/andeladev/Code/open-source-evangelist/test/EvangelistStatusExceptionTest.php" tests="1" assertions="1" failures="0" errors="0" time="0.001211">
      <testcase name="testGitHubUsernameEmptyException" class="Laztopaz\OpenSourceEvangelistStatus\Test\EvangelistStatusExceptionTest" file="/Users/andeladev/Code/open-source-evangelist/test/EvangelistStatusExceptionTest.php" line="24" assertions="1" time="0.001211"/>
    </testsuite>
    <testsuite name="Laztopaz\OpenSourceEvangelistStatus\Test\EvangelistStatusRankingTest" file="/Users/andeladev/Code/open-source-evangelist/test/EvangelistStatusRankingTest.php" tests="4" assertions="4" failures="0" errors="0" time="0.000974">
      <testcase name="testNumberOfReposLessThanFive" class="Laztopaz\OpenSourceEvangelistStatus\Test\EvangelistStatusRankingTest" file="/Users/andeladev/Code/open-source-evangelist/test/EvangelistStatusRankingTest.php" line="30" assertions="1" time="0.000647"/>
      <testcase name="testNumberOfReposGreaterThanFiveAndLessOrEqualTen" class="Laztopaz\OpenSourceEvangelistStatus\Test\EvangelistStatusRankingTest" file="/Users/andeladev/Code/open-source-evangelist/test/EvangelistStatusRankingTest.php" line="42" assertions="1" time="0.000106"/>
      <testcase name="testNumberOfReposGreaterThanTenAndLessOrEqualTwenty" class="Laztopaz\OpenSourceEvangelistStatus\Test\EvangelistStatusRankingTest" file="/Users/andeladev/Code/open-source-evangelist/test/EvangelistStatusRankingTest.php" line="54" assertions="1" time="0.000115"/>
      <testcase name="testNumberOfReposGreaterThanTwentyOne" class="Laztopaz\OpenSourceEvangelistStatus\Test\EvangelistStatusRankingTest" file="/Users/andeladev/Code/open-source-evangelist/test/EvangelistStatusRankingTest.php" line="66" assertions="1" time="0.000106"/>
    </testsuite>
    <testsuite name="Laztopaz\OpenSourceEvangelistStatus\Test\EvangelistStatusTest" file="/Users/andeladev/Code/open-source-evangelist/test/EvangelistStatusTest.php" tests="5" assertions="0" failures="0" errors="5" time="0.000684">
      <testcase name="testUserNumberOfRepo" class="Laztopaz\OpenSourceEvangelistStatus\Test\EvangelistStatusTest" file="/Users/andeladev/Code/open-source-evangelist/test/EvangelistStatusTest.php" line="38" assertions="0" time="0.000263">
        <error type="PHPUnit_Framework_ExceptionWrapper">Laztopaz\OpenSourceEvangelistStatus\Test\EvangelistStatusTest::testUserNumberOfRepo
Laztopaz\OpenSourceEvangelistStatus\EvangelistStatusException: Username is Empty, please provide a GitHub valid username

/Users/andeladev/Code/open-source-evangelist/src/Exceptions/EvangelistStatusException.php:25
/Users/andeladev/Code/open-source-evangelist/src/EvangelistStatus.php:111
/Users/andeladev/Code/open-source-evangelist/src/EvangelistStatus.php:42
/Users/andeladev/Code/open-source-evangelist/test/EvangelistStatusTest.php:29
</error>
      </testcase>
      <testcase name="testGitResponseData" class="Laztopaz\OpenSourceEvangelistStatus\Test\EvangelistStatusTest" file="/Users/andeladev/Code/open-source-evangelist/test/EvangelistStatusTest.php" line="49" assertions="0" time="0.000124">
        <error type="PHPUnit_Framework_ExceptionWrapper">Laztopaz\OpenSourceEvangelistStatus\Test\EvangelistStatusTest::testGitResponseData
Laztopaz\OpenSourceEvangelistStatus\EvangelistStatusException: Username is Empty, please provide a GitHub valid username

/Users/andeladev/Code/open-source-evangelist/src/Exceptions/EvangelistStatusException.php:25
/Users/andeladev/Code/open-source-evangelist/src/EvangelistStatus.php:111
/Users/andeladev/Code/open-source-evangelist/src/EvangelistStatus.php:42
/Users/andeladev/Code/open-source-evangelist/test/EvangelistStatusTest.php:29
</error>
      </testcase>
      <testcase name="testGitHubUsernameEmpty" class="Laztopaz\OpenSourceEvangelistStatus\Test\EvangelistStatusTest" file="/Users/andeladev/Code/open-source-evangelist/test/EvangelistStatusTest.php" line="60" assertions="0" time="0.000100">
        <error type="PHPUnit_Framework_ExceptionWrapper">Laztopaz\OpenSourceEvangelistStatus\Test\EvangelistStatusTest::testGitHubUsernameEmpty
Laztopaz\OpenSourceEvangelistStatus\EvangelistStatusException: Username is Empty, please provide a GitHub valid username

/Users/andeladev/Code/open-source-evangelist/src/Exceptions/EvangelistStatusException.php:25
/Users/andeladev/Code/open-source-evangelist/src/EvangelistStatus.php:111
/Users/andeladev/Code/open-source-evangelist/src/EvangelistStatus.php:42
/Users/andeladev/Code/open-source-evangelist/test/EvangelistStatusTest.php:29
</error>
      </testcase>
      <testcase name="testEvangelistLevel" class="Laztopaz\OpenSourceEvangelistStatus\Test\EvangelistStatusTest" file="/Users/andeladev/Code/open-source-evangelist/test/EvangelistStatusTest.php" line="71" assertions="0" time="0.000097">
        <error type="PHPUnit_Framework_ExceptionWrapper">Laztopaz\OpenSourceEvangelistStatus\Test\EvangelistStatusTest::testEvangelistLevel
Laztopaz\OpenSourceEvangelistStatus\EvangelistStatusException: Username is Empty, please provide a GitHub valid username

/Users/andeladev/Code/open-source-evangelist/src/Exceptions/EvangelistStatusException.php:25
/Users/andeladev/Code/open-source-evangelist/src/EvangelistStatus.php:111
/Users/andeladev/Code/open-source-evangelist/src/EvangelistStatus.php:42
/Users/andeladev/Code/open-source-evangelist/test/EvangelistStatusTest.php:29
</error>
      </testcase>
      <testcase name="testGetStatus" class="Laztopaz\OpenSourceEvangelistStatus\Test\EvangelistStatusTest" file="/Users/andeladev/Code/open-source-evangelist/test/EvangelistStatusTest.php" line="82" assertions="0" time="0.000100">
        <error type="PHPUnit_Framework_ExceptionWrapper">Laztopaz\OpenSourceEvangelistStatus\Test\EvangelistStatusTest::testGetStatus
Laztopaz\OpenSourceEvangelistStatus\EvangelistStatusException: Username is Empty, please provide a GitHub valid username

/Users/andeladev/Code/open-source-evangelist/src/Exceptions/EvangelistStatusException.php:25
/Users/andeladev/Code/open-source-evangelist/src/EvangelistStatus.php:111
/Users/andeladev/Code/open-source-evangelist/src/EvangelistStatus.php:42
/Users/andeladev/Code/open-source-evangelist/test/EvangelistStatusTest.php:29
</error>
      </testcase>
    </testsuite>
  </testsuite>
</testsuites>
