<?xml version="1.0" encoding="UTF-8"?>
<testsuites>
  <testsuite name="Evangelist Status Test Suite" tests="6" assertions="0" failures="0" errors="6" time="0.005190">
    <testsuite name="Laztopaz\OpenSourceEvangelistStatus\Test\EvangelistStatusRankingTest" file="/Users/andeladev/Code/open-source-evangelist/test/EvangelistStatusRankingTest.php" tests="4" assertions="0" failures="0" errors="4" time="0.000684">
      <testcase name="testNumberOfReposLessThanFive" class="Laztopaz\OpenSourceEvangelistStatus\Test\EvangelistStatusRankingTest" file="/Users/andeladev/Code/open-source-evangelist/test/EvangelistStatusRankingTest.php" line="30" assertions="0" time="0.000377">
        <error type="PHPUnit_Framework_ExceptionWrapper">Laztopaz\OpenSourceEvangelistStatus\Test\EvangelistStatusRankingTest::testNumberOfReposLessThanFive
Error: Class 'Laztopaz\OpenSourceEvangelistStatus\EvangelistStatusRanking' not found

/Users/andeladev/Code/open-source-evangelist/test/EvangelistStatusRankingTest.php:22
</error>
      </testcase>
      <testcase name="testNumberOfReposGreaterThanFiveAndLessOrEqualTen" class="Laztopaz\OpenSourceEvangelistStatus\Test\EvangelistStatusRankingTest" file="/Users/andeladev/Code/open-source-evangelist/test/EvangelistStatusRankingTest.php" line="41" assertions="0" time="0.000106">
        <error type="PHPUnit_Framework_ExceptionWrapper">Laztopaz\OpenSourceEvangelistStatus\Test\EvangelistStatusRankingTest::testNumberOfReposGreaterThanFiveAndLessOrEqualTen
Error: Class 'Laztopaz\OpenSourceEvangelistStatus\EvangelistStatusRanking' not found

/Users/andeladev/Code/open-source-evangelist/test/EvangelistStatusRankingTest.php:22
</error>
      </testcase>
      <testcase name="testNumberOfReposGreaterThanTenAndLessOrEqualTwenty" class="Laztopaz\OpenSourceEvangelistStatus\Test\EvangelistStatusRankingTest" file="/Users/andeladev/Code/open-source-evangelist/test/EvangelistStatusRankingTest.php" line="51" assertions="0" time="0.000099">
        <error type="PHPUnit_Framework_ExceptionWrapper">Laztopaz\OpenSourceEvangelistStatus\Test\EvangelistStatusRankingTest::testNumberOfReposGreaterThanTenAndLessOrEqualTwenty
Error: Class 'Laztopaz\OpenSourceEvangelistStatus\EvangelistStatusRanking' not found

/Users/andeladev/Code/open-source-evangelist/test/EvangelistStatusRankingTest.php:22
</error>
      </testcase>
      <testcase name="testNumberOfReposGreaterThanTwentyOne" class="Laztopaz\OpenSourceEvangelistStatus\Test\EvangelistStatusRankingTest" file="/Users/andeladev/Code/open-source-evangelist/test/EvangelistStatusRankingTest.php" line="62" assertions="0" time="0.000102">
        <error type="PHPUnit_Framework_ExceptionWrapper">Laztopaz\OpenSourceEvangelistStatus\Test\EvangelistStatusRankingTest::testNumberOfReposGreaterThanTwentyOne
Error: Class 'Laztopaz\OpenSourceEvangelistStatus\EvangelistStatusRanking' not found

/Users/andeladev/Code/open-source-evangelist/test/EvangelistStatusRankingTest.php:22
</error>
      </testcase>
    </testsuite>
    <testsuite name="Laztopaz\OpenSourceEvangelistStatus\Test\EvangelistStatusTest" file="/Users/andeladev/Code/open-source-evangelist/test/EvangelistStatusTest.php" tests="2" assertions="0" failures="0" errors="2" time="0.004506">
      <testcase name="testUserNumberOfRepo" class="Laztopaz\OpenSourceEvangelistStatus\Test\EvangelistStatusTest" file="/Users/andeladev/Code/open-source-evangelist/test/EvangelistStatusTest.php" line="34" assertions="0" time="0.004367">
        <error type="PHPUnit_Framework_ExceptionWrapper">Laztopaz\OpenSourceEvangelistStatus\Test\EvangelistStatusTest::testUserNumberOfRepo
Error: Class 'Laztopaz\OpenSourceEvangelistStatus\EvangelistStatusException' not found

/Users/andeladev/Code/open-source-evangelist/src/EvangelistStatus.php:35
/Users/andeladev/Code/open-source-evangelist/test/EvangelistStatusTest.php:27
</error>
      </testcase>
      <testcase name="testGitResponseData" class="Laztopaz\OpenSourceEvangelistStatus\Test\EvangelistStatusTest" file="/Users/andeladev/Code/open-source-evangelist/test/EvangelistStatusTest.php" line="46" assertions="0" time="0.000139">
        <error type="PHPUnit_Framework_ExceptionWrapper">Laztopaz\OpenSourceEvangelistStatus\Test\EvangelistStatusTest::testGitResponseData
Error: Class 'Laztopaz\OpenSourceEvangelistStatus\EvangelistStatusException' not found

/Users/andeladev/Code/open-source-evangelist/src/EvangelistStatus.php:35
/Users/andeladev/Code/open-source-evangelist/test/EvangelistStatusTest.php:27
</error>
      </testcase>
    </testsuite>
  </testsuite>
</testsuites>
