<?xml version="1.0" encoding="UTF-8"?>
<testsuites>
  <testsuite name="Evangelist Status Test Suite" tests="10" assertions="10" failures="0" errors="0" time="5.192924">
    <testsuite name="Laztopaz\OpenSourceEvangelistStatus\Test\EvangelistStatusExceptionTest" file="/Users/andeladev/Code/open-source-evangelist/test/EvangelistStatusExceptionTest.php" tests="1" assertions="1" failures="0" errors="0" time="0.000813">
      <testcase name="testGitHubUsernameEmptyException" class="Laztopaz\OpenSourceEvangelistStatus\Test\EvangelistStatusExceptionTest" file="/Users/andeladev/Code/open-source-evangelist/test/EvangelistStatusExceptionTest.php" line="31" assertions="1" time="0.000813"/>
    </testsuite>
    <testsuite name="Laztopaz\OpenSourceEvangelistStatus\Test\EvangelistStatusRankingTest" file="/Users/andeladev/Code/open-source-evangelist/test/EvangelistStatusRankingTest.php" tests="4" assertions="4" failures="0" errors="0" time="0.000760">
      <testcase name="testNumberOfReposLessThanFive" class="Laztopaz\OpenSourceEvangelistStatus\Test\EvangelistStatusRankingTest" file="/Users/andeladev/Code/open-source-evangelist/test/EvangelistStatusRankingTest.php" line="30" assertions="1" time="0.000449"/>
      <testcase name="testNumberOfReposGreaterThanFiveAndLessOrEqualTen" class="Laztopaz\OpenSourceEvangelistStatus\Test\EvangelistStatusRankingTest" file="/Users/andeladev/Code/open-source-evangelist/test/EvangelistStatusRankingTest.php" line="42" assertions="1" time="0.000127"/>
      <testcase name="testNumberOfReposGreaterThanTenAndLessOrEqualTwenty" class="Laztopaz\OpenSourceEvangelistStatus\Test\EvangelistStatusRankingTest" file="/Users/andeladev/Code/open-source-evangelist/test/EvangelistStatusRankingTest.php" line="54" assertions="1" time="0.000085"/>
      <testcase name="testNumberOfReposGreaterThanTwentyOne" class="Laztopaz\OpenSourceEvangelistStatus\Test\EvangelistStatusRankingTest" file="/Users/andeladev/Code/open-source-evangelist/test/EvangelistStatusRankingTest.php" line="66" assertions="1" time="0.000099"/>
    </testsuite>
    <testsuite name="Laztopaz\OpenSourceEvangelistStatus\Test\EvangelistStatusTest" file="/Users/andeladev/Code/open-source-evangelist/test/EvangelistStatusTest.php" tests="5" assertions="5" failures="0" errors="0" time="5.191351">
      <testcase name="testUserNumberOfRepo" class="Laztopaz\OpenSourceEvangelistStatus\Test\EvangelistStatusTest" file="/Users/andeladev/Code/open-source-evangelist/test/EvangelistStatusTest.php" line="39" assertions="1" time="1.303740"/>
      <testcase name="testGitResponseData" class="Laztopaz\OpenSourceEvangelistStatus\Test\EvangelistStatusTest" file="/Users/andeladev/Code/open-source-evangelist/test/EvangelistStatusTest.php" line="50" assertions="1" time="1.146794"/>
      <testcase name="testGitHubUsernameEmpty" class="Laztopaz\OpenSourceEvangelistStatus\Test\EvangelistStatusTest" file="/Users/andeladev/Code/open-source-evangelist/test/EvangelistStatusTest.php" line="61" assertions="1" time="1.219495"/>
      <testcase name="testEvangelistLevel" class="Laztopaz\OpenSourceEvangelistStatus\Test\EvangelistStatusTest" file="/Users/andeladev/Code/open-source-evangelist/test/EvangelistStatusTest.php" line="72" assertions="1" time="0.755504"/>
      <testcase name="testGetStatus" class="Laztopaz\OpenSourceEvangelistStatus\Test\EvangelistStatusTest" file="/Users/andeladev/Code/open-source-evangelist/test/EvangelistStatusTest.php" line="83" assertions="1" time="0.765818"/>
    </testsuite>
  </testsuite>
</testsuites>
