<?xml version="1.0" encoding="UTF-8"?>
<testsuites>
  <testsuite name="Evangelist Status Test Suite" tests="7" assertions="7" failures="0" errors="0" time="2.841604">
    <testsuite name="Laztopaz\OpenSourceEvangelistStatus\Test\EvangelistStatusRankingTest" file="/Users/andeladev/Code/open-source-evangelist/test/EvangelistStatusRankingTest.php" tests="4" assertions="4" failures="0" errors="0" time="0.000889">
      <testcase name="testNumberOfReposLessThanFive" class="Laztopaz\OpenSourceEvangelistStatus\Test\EvangelistStatusRankingTest" file="/Users/andeladev/Code/open-source-evangelist/test/EvangelistStatusRankingTest.php" line="30" assertions="1" time="0.000606"/>
      <testcase name="testNumberOfReposGreaterThanFiveAndLessOrEqualTen" class="Laztopaz\OpenSourceEvangelistStatus\Test\EvangelistStatusRankingTest" file="/Users/andeladev/Code/open-source-evangelist/test/EvangelistStatusRankingTest.php" line="42" assertions="1" time="0.000102"/>
      <testcase name="testNumberOfReposGreaterThanTenAndLessOrEqualTwenty" class="Laztopaz\OpenSourceEvangelistStatus\Test\EvangelistStatusRankingTest" file="/Users/andeladev/Code/open-source-evangelist/test/EvangelistStatusRankingTest.php" line="54" assertions="1" time="0.000096"/>
      <testcase name="testNumberOfReposGreaterThanTwentyOne" class="Laztopaz\OpenSourceEvangelistStatus\Test\EvangelistStatusRankingTest" file="/Users/andeladev/Code/open-source-evangelist/test/EvangelistStatusRankingTest.php" line="66" assertions="1" time="0.000085"/>
    </testsuite>
    <testsuite name="Laztopaz\OpenSourceEvangelistStatus\Test\EvangelistStatusTest" file="/Users/andeladev/Code/open-source-evangelist/test/EvangelistStatusTest.php" tests="3" assertions="3" failures="0" errors="0" time="2.840715">
      <testcase name="testUserNumberOfRepo" class="Laztopaz\OpenSourceEvangelistStatus\Test\EvangelistStatusTest" file="/Users/andeladev/Code/open-source-evangelist/test/EvangelistStatusTest.php" line="37" assertions="1" time="1.089724"/>
      <testcase name="testGitResponseData" class="Laztopaz\OpenSourceEvangelistStatus\Test\EvangelistStatusTest" file="/Users/andeladev/Code/open-source-evangelist/test/EvangelistStatusTest.php" line="48" assertions="1" time="1.012331"/>
      <testcase name="testGitHubUsernameEmpty" class="Laztopaz\OpenSourceEvangelistStatus\Test\EvangelistStatusTest" file="/Users/andeladev/Code/open-source-evangelist/test/EvangelistStatusTest.php" line="59" assertions="1" time="0.738660"/>
    </testsuite>
  </testsuite>
</testsuites>
